# Phase Gate Audit Trail
# Started: 2026-07-23T16:31:51Z
# Format: [timestamp] operation target details

[2026-07-23T16:31:51Z] VERIFY phase-0 result=exists state file found
[2026-07-24T22:02:32.298252] Tool: exec | File: N/A | Phase: None | Session: unknown | Result: success
[2026-07-24T22:25:25.735677] Session Start: 0196dae8-e8c7-40dd-ac74-6010fc8e8cca
[2026-07-24T22:25:32.277987] Session Start: abc83d57-1cd3-4981-9982-748205f4adfe
[2026-07-24T22:25:35.160413] Tool: exec | File: N/A | Phase: None | Session: abc83d57-1cd3-4981-9982-748205f4adfe | Result: success
[2026-07-24T22:26:18.668162] Session Start: f2c3c54d-163b-4846-a5b8-6b5aa6c020a2
[2026-07-24T22:26:31.799434] Session Start: 6b3089b8-9718-45fb-be69-2bf5fa0757af
[2026-07-24T22:27:33.578491] Session Start: b149990d-4171-416d-a644-6449f5c1cb4d
[2026-07-24T22:27:39.682591] Session Start: 2ff4e93b-22e5-48e7-823d-a47b2146e9af
[2026-07-24T22:27:43.112067] Tool: exec | File: N/A | Phase: 6 | Session: 2ff4e93b-22e5-48e7-823d-a47b2146e9af | Result: success
[2026-07-24T22:31:45.206249] Session Start: 8c7aecbb-eaab-4d15-a07a-4a4326e3ddd7
[2026-07-24T22:31:48.735651] Tool: exec | File: N/A | Phase: 6 | Session: 8c7aecbb-eaab-4d15-a07a-4a4326e3ddd7 | Result: success
[2026-07-24T22:32:14.248217] Session Start: cf1039e9-2c0b-4c2b-8743-3179ef5b2246
[2026-07-24T22:32:18.422382] Tool: read | File: N/A | Phase: 6 | Session: cf1039e9-2c0b-4c2b-8743-3179ef5b2246 | Result: success
[2026-07-24T22:33:28.378092] Session Start: 15990f9b-716c-4f4c-93df-e92d4472f9c6
[2026-07-24T22:33:31.212837] Tool: exec | File: N/A | Phase: 6 | Session: 15990f9b-716c-4f4c-93df-e92d4472f9c6 | Result: success
[2026-07-24T22:34:17.052209] Session Start: 78b5923b-91fe-4320-b93e-b422ac119743
[2026-07-24T22:34:21.098256] Tool: exec | File: N/A | Phase: 6 | Session: 78b5923b-91fe-4320-b93e-b422ac119743 | Result: success
[2026-07-24T22:34:51.100811] Session Start: 97678593-55fc-4dc6-9ac2-0940a14fabba
[2026-07-24T22:34:57.434085] Tool: exec | File: N/A | Phase: 6 | Session: 97678593-55fc-4dc6-9ac2-0940a14fabba | Result: success
[2026-07-24T22:35:22.865314] Session Start: 70773935-7518-4128-bcfa-5a7aab58f615
[2026-07-24T22:35:27.496835] Tool: exec | File: N/A | Phase: 6 | Session: 70773935-7518-4128-bcfa-5a7aab58f615 | Result: success
